<?xml version="1.0" encoding="UTF-8"?>
<coverage generated="1789578260935" clover="3.2.0">
  <project timestamp="1789578260936" name="All files">
    <metrics statements="86" coveredstatements="71" conditionals="78" coveredconditionals="43" methods="41" coveredmethods="31" elements="205" coveredelements="145" complexity="0" loc="86" ncloc="86" packages="6" files="18" classes="18"/>
    <package name="app.(tabs)">
      <metrics statements="30" coveredstatements="19" conditionals="32" coveredconditionals="11" methods="13" coveredmethods="6"/>
      <file name="discover.tsx" path="C:\Users\shubham\Documents\ReactNative\Loom\src\app\(tabs)\discover.tsx">
        <metrics statements="30" coveredstatements="19" conditionals="32" coveredconditionals="11" methods="13" coveredmethods="6"/>
        <line num="18" count="2" type="stmt"/>
        <line num="19" count="2" type="stmt"/>
        <line num="20" count="2" type="stmt"/>
        <line num="21" count="2" type="stmt"/>
        <line num="24" count="2" type="stmt"/>
        <line num="26" count="0" type="stmt"/>
        <line num="27" count="0" type="stmt"/>
        <line num="32" count="2" type="stmt"/>
        <line num="34" count="0" type="cond" truecount="0" falsecount="2"/>
        <line num="38" count="2" type="stmt"/>
        <line num="39" count="1" type="stmt"/>
        <line num="40" count="1" type="stmt"/>
        <line num="43" count="2" type="stmt"/>
        <line num="44" count="2" type="stmt"/>
        <line num="45" count="0" type="stmt"/>
        <line num="46" count="2" type="cond" truecount="1" falsecount="1"/>
        <line num="85" count="2" type="stmt"/>
        <line num="86" count="2" type="cond" truecount="2" falsecount="2"/>
        <line num="87" count="0" type="stmt"/>
        <line num="90" count="2" type="cond" truecount="1" falsecount="1"/>
        <line num="91" count="0" type="stmt"/>
        <line num="95" count="0" type="stmt"/>
        <line num="100" count="2" type="cond" truecount="1" falsecount="1"/>
        <line num="101" count="0" type="stmt"/>
        <line num="110" count="2" type="stmt"/>
        <line num="114" count="3" type="stmt"/>
        <line num="116" count="0" type="cond" truecount="0" falsecount="8"/>
        <line num="117" count="0" type="stmt"/>
        <line num="127" count="2" type="stmt"/>
        <line num="147" count="0" type="stmt"/>
      </file>
    </package>
    <package name="components.ui">
      <metrics statements="33" coveredstatements="32" conditionals="42" coveredconditionals="30" methods="17" coveredmethods="17"/>
      <file name="badge.tsx" path="C:\Users\shubham\Documents\ReactNative\Loom\src\components\ui\badge.tsx">
        <metrics statements="3" coveredstatements="3" conditionals="0" coveredconditionals="0" methods="1" coveredmethods="1"/>
        <line num="6" count="2" type="stmt"/>
        <line num="23" count="2" type="stmt"/>
        <line num="52" count="3" type="stmt"/>
      </file>
      <file name="button.tsx" path="C:\Users\shubham\Documents\ReactNative\Loom\src\components\ui\button.tsx">
        <metrics statements="3" coveredstatements="3" conditionals="8" coveredconditionals="6" methods="1" coveredmethods="1"/>
        <line num="6" count="3" type="stmt"/>
        <line num="31" count="3" type="stmt"/>
        <line num="72" count="6" type="stmt"/>
      </file>
      <file name="card.tsx" path="C:\Users\shubham\Documents\ReactNative\Loom\src\components\ui\card.tsx">
        <metrics statements="5" coveredstatements="5" conditionals="0" coveredconditionals="0" methods="5" coveredmethods="5"/>
        <line num="9" count="3" type="stmt"/>
        <line num="21" count="1" type="stmt"/>
        <line num="25" count="1" type="stmt"/>
        <line num="29" count="1" type="stmt"/>
        <line num="33" count="1" type="stmt"/>
      </file>
      <file name="empty-state.tsx" path="C:\Users\shubham\Documents\ReactNative\Loom\src\components\ui\empty-state.tsx">
        <metrics statements="2" coveredstatements="2" conditionals="5" coveredconditionals="2" methods="1" coveredmethods="1"/>
        <line num="23" count="1" type="stmt"/>
        <line num="25" count="1" type="stmt"/>
      </file>
      <file name="error-state.tsx" path="C:\Users\shubham\Documents\ReactNative\Loom\src\components\ui\error-state.tsx">
        <metrics statements="1" coveredstatements="1" conditionals="4" coveredconditionals="2" methods="1" coveredmethods="1"/>
        <line num="21" count="1" type="stmt"/>
      </file>
      <file name="input.tsx" path="C:\Users\shubham\Documents\ReactNative\Loom\src\components\ui\input.tsx">
        <metrics statements="7" coveredstatements="7" conditionals="8" coveredconditionals="6" methods="3" coveredmethods="3"/>
        <line num="22" count="5" type="stmt"/>
        <line num="23" count="5" type="stmt"/>
        <line num="25" count="5" type="stmt"/>
        <line num="41" count="1" type="stmt"/>
        <line num="42" count="1" type="stmt"/>
        <line num="45" count="1" type="stmt"/>
        <line num="46" count="1" type="stmt"/>
      </file>
      <file name="loading-indicator.tsx" path="C:\Users\shubham\Documents\ReactNative\Loom\src\components\ui\loading-indicator.tsx">
        <metrics statements="2" coveredstatements="2" conditionals="6" coveredconditionals="5" methods="1" coveredmethods="1"/>
        <line num="18" count="2" type="stmt"/>
        <line num="24" count="2" type="stmt"/>
      </file>
      <file name="loading-state.tsx" path="C:\Users\shubham\Documents\ReactNative\Loom\src\components\ui\loading-state.tsx">
        <metrics statements="1" coveredstatements="1" conditionals="3" coveredconditionals="2" methods="1" coveredmethods="1"/>
        <line num="12" count="1" type="stmt"/>
      </file>
      <file name="retry-button.tsx" path="C:\Users\shubham\Documents\ReactNative\Loom\src\components\ui\retry-button.tsx">
        <metrics statements="2" coveredstatements="2" conditionals="1" coveredconditionals="1" methods="1" coveredmethods="1"/>
        <line num="10" count="2" type="stmt"/>
        <line num="12" count="2" type="stmt"/>
      </file>
      <file name="screen-container.tsx" path="C:\Users\shubham\Documents\ReactNative\Loom\src\components\ui\screen-container.tsx">
        <metrics statements="5" coveredstatements="4" conditionals="7" coveredconditionals="6" methods="1" coveredmethods="1"/>
        <line num="23" count="2" type="stmt"/>
        <line num="26" count="2" type="stmt"/>
        <line num="49" count="2" type="cond" truecount="1" falsecount="1"/>
        <line num="50" count="0" type="stmt"/>
        <line num="61" count="2" type="stmt"/>
      </file>
      <file name="text.tsx" path="C:\Users\shubham\Documents\ReactNative\Loom\src\components\ui\text.tsx">
        <metrics statements="2" coveredstatements="2" conditionals="0" coveredconditionals="0" methods="1" coveredmethods="1"/>
        <line num="5" count="3" type="stmt"/>
        <line num="43" count="37" type="stmt"/>
      </file>
    </package>
    <package name="constants">
      <metrics statements="7" coveredstatements="7" conditionals="2" coveredconditionals="1" methods="0" coveredmethods="0"/>
      <file name="theme.ts" path="C:\Users\shubham\Documents\ReactNative\Loom\src\constants\theme.ts">
        <metrics statements="7" coveredstatements="7" conditionals="2" coveredconditionals="1" methods="0" coveredmethods="0"/>
        <line num="8" count="2" type="stmt"/>
        <line num="31" count="2" type="stmt"/>
        <line num="56" count="2" type="stmt"/>
        <line num="87" count="2" type="stmt"/>
        <line num="99" count="2" type="stmt"/>
        <line num="130" count="2" type="cond" truecount="1" falsecount="1"/>
        <line num="131" count="2" type="stmt"/>
      </file>
    </package>
    <package name="hooks">
      <metrics statements="3" coveredstatements="3" conditionals="2" coveredconditionals="1" methods="1" coveredmethods="1"/>
      <file name="use-color-scheme.ts" path="C:\Users\shubham\Documents\ReactNative\Loom\src\hooks\use-color-scheme.ts">
        <metrics statements="0" coveredstatements="0" conditionals="0" coveredconditionals="0" methods="0" coveredmethods="0"/>
      </file>
      <file name="use-theme.ts" path="C:\Users\shubham\Documents\ReactNative\Loom\src\hooks\use-theme.ts">
        <metrics statements="3" coveredstatements="3" conditionals="2" coveredconditionals="1" methods="1" coveredmethods="1"/>
        <line num="10" count="8" type="stmt"/>
        <line num="11" count="8" type="cond" truecount="1" falsecount="1"/>
        <line num="13" count="8" type="stmt"/>
      </file>
    </package>
    <package name="store">
      <metrics statements="12" coveredstatements="9" conditionals="0" coveredconditionals="0" methods="9" coveredmethods="6"/>
      <file name="auth-store.ts" path="C:\Users\shubham\Documents\ReactNative\Loom\src\store\auth-store.ts">
        <metrics statements="10" coveredstatements="7" conditionals="0" coveredconditionals="0" methods="7" coveredmethods="4"/>
        <line num="5" count="1" type="stmt"/>
        <line num="17" count="1" type="stmt"/>
        <line num="25" count="1" type="stmt"/>
        <line num="26" count="1" type="stmt"/>
        <line num="30" count="0" type="stmt"/>
        <line num="34" count="1" type="stmt"/>
        <line num="38" count="0" type="stmt"/>
        <line num="42" count="0" type="stmt"/>
        <line num="46" count="1" type="stmt"/>
        <line num="47" count="1" type="stmt"/>
      </file>
      <file name="settings-store.ts" path="C:\Users\shubham\Documents\ReactNative\Loom\src\store\settings-store.ts">
        <metrics statements="2" coveredstatements="2" conditionals="0" coveredconditionals="0" methods="2" coveredmethods="2"/>
        <line num="8" count="1" type="stmt"/>
        <line num="10" count="2" type="stmt"/>
      </file>
    </package>
    <package name="utils">
      <metrics statements="1" coveredstatements="1" conditionals="0" coveredconditionals="0" methods="1" coveredmethods="1"/>
      <file name="cn.ts" path="C:\Users\shubham\Documents\ReactNative\Loom\src\utils\cn.ts">
        <metrics statements="1" coveredstatements="1" conditionals="0" coveredconditionals="0" methods="1" coveredmethods="1"/>
        <line num="5" count="79" type="stmt"/>
      </file>
    </package>
  </project>
</coverage>
