{"C:\\Users\\shubham\\Documents\\ReactNative\\Loom\\src\\app\\(tabs)\\discover.tsx": {"path":"C:\\Users\\shubham\\Documents\\ReactNative\\Loom\\src\\app\\(tabs)\\discover.tsx","statementMap":{"0":{"start":{"line":18,"column":17},"end":{"line":18,"column":28}},"1":{"start":{"line":19,"column":40},"end":{"line":19,"column":52}},"2":{"start":{"line":20,"column":46},"end":{"line":20,"column":58}},"3":{"start":{"line":21,"column":26},"end":{"line":21,"column":37}},"4":{"start":{"line":24,"column":28},"end":{"line":30,"column":3}},"5":{"start":{"line":26,"column":6},"end":{"line":26,"column":30}},"6":{"start":{"line":27,"column":6},"end":{"line":27,"column":17}},"7":{"start":{"line":32,"column":56},"end":{"line":36,"column":4}},"8":{"start":{"line":34,"column":19},"end":{"line":34,"column":89}},"9":{"start":{"line":38,"column":29},"end":{"line":41,"column":3}},"10":{"start":{"line":39,"column":4},"end":{"line":39,"column":25}},"11":{"start":{"line":40,"column":4},"end":{"line":40,"column":28}},"12":{"start":{"line":43,"column":27},"end":{"line":83,"column":3}},"13":{"start":{"line":44,"column":4},"end":{"line":82,"column":16}},"14":{"start":{"line":45,"column":21},"end":{"line":45,"column":58}},"15":{"start":{"line":46,"column":30},"end":{"line":46,"column":62}},"16":{"start":{"line":85,"column":24},"end":{"line":125,"column":3}},"17":{"start":{"line":86,"column":4},"end":{"line":88,"column":5}},"18":{"start":{"line":87,"column":6},"end":{"line":87,"column":66}},"19":{"start":{"line":90,"column":4},"end":{"line":98,"column":5}},"20":{"start":{"line":91,"column":6},"end":{"line":97,"column":8}},"21":{"start":{"line":95,"column":25},"end":{"line":95,"column":34}},"22":{"start":{"line":100,"column":4},"end":{"line":108,"column":5}},"23":{"start":{"line":101,"column":6},"end":{"line":107,"column":8}},"24":{"start":{"line":110,"column":4},"end":{"line":124,"column":6}},"25":{"start":{"line":114,"column":32},"end":{"line":114,"column":50}},"26":{"start":{"line":116,"column":10},"end":{"line":118,"column":11}},"27":{"start":{"line":117,"column":12},"end":{"line":117,"column":38}},"28":{"start":{"line":117,"column":28},"end":{"line":117,"column":36}},"29":{"start":{"line":127,"column":2},"end":{"line":157,"column":4}},"30":{"start":{"line":147,"column":25},"end":{"line":147,"column":54}}},"fnMap":{"0":{"name":"DiscoverScreen","decl":{"start":{"line":17,"column":24},"end":{"line":17,"column":38}},"loc":{"start":{"line":17,"column":41},"end":{"line":158,"column":1}},"line":17},"1":{"name":"(anonymous_1)","decl":{"start":{"line":25,"column":13},"end":{"line":25,"column":14}},"loc":{"start":{"line":25,"column":31},"end":{"line":28,"column":5}},"line":25},"2":{"name":"(anonymous_2)","decl":{"start":{"line":34,"column":13},"end":{"line":34,"column":14}},"loc":{"start":{"line":34,"column":19},"end":{"line":34,"column":89}},"line":34},"3":{"name":"(anonymous_3)","decl":{"start":{"line":38,"column":29},"end":{"line":38,"column":30}},"loc":{"start":{"line":38,"column":47},"end":{"line":41,"column":3}},"line":38},"4":{"name":"(anonymous_4)","decl":{"start":{"line":43,"column":27},"end":{"line":43,"column":28}},"loc":{"start":{"line":44,"column":4},"end":{"line":82,"column":16}},"line":44},"5":{"name":"(anonymous_5)","decl":{"start":{"line":45,"column":15},"end":{"line":45,"column":16}},"loc":{"start":{"line":45,"column":21},"end":{"line":45,"column":58}},"line":45},"6":{"name":"(anonymous_6)","decl":{"start":{"line":46,"column":13},"end":{"line":46,"column":14}},"loc":{"start":{"line":46,"column":30},"end":{"line":46,"column":62}},"line":46},"7":{"name":"(anonymous_7)","decl":{"start":{"line":85,"column":24},"end":{"line":85,"column":25}},"loc":{"start":{"line":85,"column":30},"end":{"line":125,"column":3}},"line":85},"8":{"name":"(anonymous_8)","decl":{"start":{"line":95,"column":19},"end":{"line":95,"column":20}},"loc":{"start":{"line":95,"column":25},"end":{"line":95,"column":34}},"line":95},"9":{"name":"(anonymous_9)","decl":{"start":{"line":114,"column":22},"end":{"line":114,"column":23}},"loc":{"start":{"line":114,"column":32},"end":{"line":114,"column":50}},"line":114},"10":{"name":"(anonymous_10)","decl":{"start":{"line":115,"column":22},"end":{"line":115,"column":23}},"loc":{"start":{"line":115,"column":28},"end":{"line":119,"column":9}},"line":115},"11":{"name":"(anonymous_11)","decl":{"start":{"line":117,"column":20},"end":{"line":117,"column":21}},"loc":{"start":{"line":117,"column":28},"end":{"line":117,"column":36}},"line":117},"12":{"name":"(anonymous_12)","decl":{"start":{"line":147,"column":19},"end":{"line":147,"column":20}},"loc":{"start":{"line":147,"column":25},"end":{"line":147,"column":54}},"line":147}},"branchMap":{"0":{"loc":{"start":{"line":34,"column":49},"end":{"line":34,"column":80}},"type":"binary-expr","locations":[{"start":{"line":34,"column":49},"end":{"line":34,"column":63}},{"start":{"line":34,"column":67},"end":{"line":34,"column":80}}],"line":34},"1":{"loc":{"start":{"line":46,"column":42},"end":{"line":46,"column":59}},"type":"cond-expr","locations":[{"start":{"line":46,"column":52},"end":{"line":46,"column":55}},{"start":{"line":46,"column":58},"end":{"line":46,"column":59}}],"line":46},"2":{"loc":{"start":{"line":59,"column":9},"end":{"line":63,"column":9}},"type":"binary-expr","locations":[{"start":{"line":59,"column":9},"end":{"line":59,"column":25}},{"start":{"line":60,"column":10},"end":{"line":62,"column":17}}],"line":59},"3":{"loc":{"start":{"line":65,"column":11},"end":{"line":67,"column":11}},"type":"binary-expr","locations":[{"start":{"line":65,"column":11},"end":{"line":65,"column":24}},{"start":{"line":66,"column":12},"end":{"line":66,"column":61}}],"line":65},"4":{"loc":{"start":{"line":86,"column":4},"end":{"line":88,"column":5}},"type":"if","locations":[{"start":{"line":86,"column":4},"end":{"line":88,"column":5}},{"start":{},"end":{}}],"line":86},"5":{"loc":{"start":{"line":86,"column":8},"end":{"line":86,"column":32}},"type":"binary-expr","locations":[{"start":{"line":86,"column":8},"end":{"line":86,"column":18}},{"start":{"line":86,"column":22},"end":{"line":86,"column":32}}],"line":86},"6":{"loc":{"start":{"line":90,"column":4},"end":{"line":98,"column":5}},"type":"if","locations":[{"start":{"line":90,"column":4},"end":{"line":98,"column":5}},{"start":{},"end":{}}],"line":90},"7":{"loc":{"start":{"line":94,"column":19},"end":{"line":94,"column":90}},"type":"cond-expr","locations":[{"start":{"line":94,"column":44},"end":{"line":94,"column":57}},{"start":{"line":94,"column":60},"end":{"line":94,"column":90}}],"line":94},"8":{"loc":{"start":{"line":100,"column":4},"end":{"line":108,"column":5}},"type":"if","locations":[{"start":{"line":100,"column":4},"end":{"line":108,"column":5}},{"start":{},"end":{}}],"line":100},"9":{"loc":{"start":{"line":103,"column":17},"end":{"line":103,"column":90}},"type":"cond-expr","locations":[{"start":{"line":103,"column":31},"end":{"line":103,"column":64}},{"start":{"line":103,"column":67},"end":{"line":103,"column":90}}],"line":103},"10":{"loc":{"start":{"line":116,"column":10},"end":{"line":118,"column":11}},"type":"if","locations":[{"start":{"line":116,"column":10},"end":{"line":118,"column":11}},{"start":{},"end":{}}],"line":116},"11":{"loc":{"start":{"line":116,"column":14},"end":{"line":116,"column":81}},"type":"binary-expr","locations":[{"start":{"line":116,"column":14},"end":{"line":116,"column":25}},{"start":{"line":116,"column":29},"end":{"line":116,"column":81}}],"line":116},"12":{"loc":{"start":{"line":116,"column":30},"end":{"line":116,"column":53}},"type":"binary-expr","locations":[{"start":{"line":116,"column":30},"end":{"line":116,"column":48}},{"start":{"line":116,"column":52},"end":{"line":116,"column":53}}],"line":116},"13":{"loc":{"start":{"line":116,"column":58},"end":{"line":116,"column":80}},"type":"binary-expr","locations":[{"start":{"line":116,"column":58},"end":{"line":116,"column":75}},{"start":{"line":116,"column":79},"end":{"line":116,"column":80}}],"line":116},"14":{"loc":{"start":{"line":121,"column":29},"end":{"line":121,"column":94}},"type":"cond-expr","locations":[{"start":{"line":121,"column":54},"end":{"line":121,"column":87}},{"start":{"line":121,"column":90},"end":{"line":121,"column":94}}],"line":121},"15":{"loc":{"start":{"line":121,"column":29},"end":{"line":121,"column":51}},"type":"binary-expr","locations":[{"start":{"line":121,"column":29},"end":{"line":121,"column":39}},{"start":{"line":121,"column":43},"end":{"line":121,"column":51}}],"line":121}},"s":{"0":2,"1":2,"2":2,"3":2,"4":2,"5":0,"6":0,"7":2,"8":0,"9":2,"10":1,"11":1,"12":2,"13":2,"14":0,"15":2,"16":2,"17":2,"18":0,"19":2,"20":0,"21":0,"22":2,"23":0,"24":2,"25":3,"26":0,"27":0,"28":0,"29":2,"30":0},"f":{"0":2,"1":0,"2":0,"3":1,"4":2,"5":0,"6":2,"7":2,"8":0,"9":3,"10":0,"11":0,"12":0},"b":{"0":[0,0],"1":[0,2],"2":[2,2],"3":[2,2],"4":[0,2],"5":[2,0],"6":[0,2],"7":[0,0],"8":[0,2],"9":[0,0],"10":[0,0],"11":[0,0],"12":[0,0],"13":[0,0],"14":[0,2],"15":[2,0]},"_coverageSchema":"1a1c01bbd47fc00a2c39e90264f33305004495a9","hash":"d001e05ca0727ef2160e6cf0b6d32896dca404d4"}
,"C:\\Users\\shubham\\Documents\\ReactNative\\Loom\\src\\components\\ui\\badge.tsx": {"path":"C:\\Users\\shubham\\Documents\\ReactNative\\Loom\\src\\components\\ui\\badge.tsx","statementMap":{"0":{"start":{"line":6,"column":22},"end":{"line":21,"column":1}},"1":{"start":{"line":23,"column":26},"end":{"line":35,"column":2}},"2":{"start":{"line":52,"column":2},"end":{"line":58,"column":4}}},"fnMap":{"0":{"name":"Badge","decl":{"start":{"line":45,"column":16},"end":{"line":45,"column":21}},"loc":{"start":{"line":51,"column":15},"end":{"line":59,"column":1}},"line":51}},"branchMap":{},"s":{"0":2,"1":2,"2":3},"f":{"0":3},"b":{},"_coverageSchema":"1a1c01bbd47fc00a2c39e90264f33305004495a9","hash":"fa3833a7ee2840fec85c2fa0bb9531b768b9dd47"}
,"C:\\Users\\shubham\\Documents\\ReactNative\\Loom\\src\\components\\ui\\button.tsx": {"path":"C:\\Users\\shubham\\Documents\\ReactNative\\Loom\\src\\components\\ui\\button.tsx","statementMap":{"0":{"start":{"line":6,"column":23},"end":{"line":29,"column":1}},"1":{"start":{"line":31,"column":21},"end":{"line":51,"column":2}},"2":{"start":{"line":72,"column":2},"end":{"line":92,"column":4}}},"fnMap":{"0":{"name":"Button","decl":{"start":{"line":62,"column":16},"end":{"line":62,"column":22}},"loc":{"start":{"line":71,"column":16},"end":{"line":93,"column":1}},"line":71}},"branchMap":{"0":{"loc":{"start":{"line":75,"column":16},"end":{"line":75,"column":41}},"type":"binary-expr","locations":[{"start":{"line":75,"column":16},"end":{"line":75,"column":23}},{"start":{"line":75,"column":27},"end":{"line":75,"column":41}}],"line":75},"1":{"loc":{"start":{"line":78,"column":7},"end":{"line":90,"column":7}},"type":"cond-expr","locations":[{"start":{"line":79,"column":8},"end":{"line":79,"column":78}},{"start":{"line":81,"column":8},"end":{"line":89,"column":11}}],"line":78},"2":{"loc":{"start":{"line":79,"column":34},"end":{"line":79,"column":74}},"type":"cond-expr","locations":[{"start":{"line":79,"column":58},"end":{"line":79,"column":65}},{"start":{"line":79,"column":68},"end":{"line":79,"column":74}}],"line":79},"3":{"loc":{"start":{"line":82,"column":11},"end":{"line":88,"column":11}},"type":"cond-expr","locations":[{"start":{"line":83,"column":12},"end":{"line":85,"column":19}},{"start":{"line":87,"column":12},"end":{"line":87,"column":20}}],"line":82}},"s":{"0":3,"1":3,"2":6},"f":{"0":6},"b":{"0":[6,4],"1":[2,4],"2":[0,2],"3":[4,0]},"_coverageSchema":"1a1c01bbd47fc00a2c39e90264f33305004495a9","hash":"c696cafdfcd4796132d1a435377c22a51e59a327"}
,"C:\\Users\\shubham\\Documents\\ReactNative\\Loom\\src\\components\\ui\\card.tsx": {"path":"C:\\Users\\shubham\\Documents\\ReactNative\\Loom\\src\\components\\ui\\card.tsx","statementMap":{"0":{"start":{"line":9,"column":2},"end":{"line":17,"column":4}},"1":{"start":{"line":21,"column":2},"end":{"line":21,"column":88}},"2":{"start":{"line":25,"column":2},"end":{"line":25,"column":100}},"3":{"start":{"line":29,"column":2},"end":{"line":29,"column":62}},"4":{"start":{"line":33,"column":2},"end":{"line":33,"column":81}}},"fnMap":{"0":{"name":"Card","decl":{"start":{"line":8,"column":16},"end":{"line":8,"column":20}},"loc":{"start":{"line":8,"column":57},"end":{"line":18,"column":1}},"line":8},"1":{"name":"CardHeader","decl":{"start":{"line":20,"column":16},"end":{"line":20,"column":26}},"loc":{"start":{"line":20,"column":63},"end":{"line":22,"column":1}},"line":20},"2":{"name":"CardTitle","decl":{"start":{"line":24,"column":16},"end":{"line":24,"column":25}},"loc":{"start":{"line":24,"column":62},"end":{"line":26,"column":1}},"line":24},"3":{"name":"CardContent","decl":{"start":{"line":28,"column":16},"end":{"line":28,"column":27}},"loc":{"start":{"line":28,"column":64},"end":{"line":30,"column":1}},"line":28},"4":{"name":"CardFooter","decl":{"start":{"line":32,"column":16},"end":{"line":32,"column":26}},"loc":{"start":{"line":32,"column":63},"end":{"line":34,"column":1}},"line":32}},"branchMap":{},"s":{"0":3,"1":1,"2":1,"3":1,"4":1},"f":{"0":3,"1":1,"2":1,"3":1,"4":1},"b":{},"_coverageSchema":"1a1c01bbd47fc00a2c39e90264f33305004495a9","hash":"808e29a13ff4d145714d772fda498e89d60c9eaa"}
,"C:\\Users\\shubham\\Documents\\ReactNative\\Loom\\src\\components\\ui\\empty-state.tsx": {"path":"C:\\Users\\shubham\\Documents\\ReactNative\\Loom\\src\\components\\ui\\empty-state.tsx","statementMap":{"0":{"start":{"line":23,"column":16},"end":{"line":23,"column":26}},"1":{"start":{"line":25,"column":2},"end":{"line":42,"column":4}}},"fnMap":{"0":{"name":"EmptyState","decl":{"start":{"line":15,"column":16},"end":{"line":15,"column":26}},"loc":{"start":{"line":22,"column":20},"end":{"line":43,"column":1}},"line":22}},"branchMap":{"0":{"loc":{"start":{"line":16,"column":2},"end":{"line":16,"column":25}},"type":"default-arg","locations":[{"start":{"line":16,"column":10},"end":{"line":16,"column":25}}],"line":16},"1":{"loc":{"start":{"line":17,"column":2},"end":{"line":17,"column":56}},"type":"default-arg","locations":[{"start":{"line":17,"column":16},"end":{"line":17,"column":56}}],"line":17},"2":{"loc":{"start":{"line":18,"column":2},"end":{"line":18,"column":15}},"type":"default-arg","locations":[{"start":{"line":18,"column":9},"end":{"line":18,"column":15}}],"line":18},"3":{"loc":{"start":{"line":40,"column":7},"end":{"line":40,"column":55}},"type":"binary-expr","locations":[{"start":{"line":40,"column":7},"end":{"line":40,"column":13}},{"start":{"line":40,"column":17},"end":{"line":40,"column":55}}],"line":40}},"s":{"0":1,"1":1},"f":{"0":1},"b":{"0":[0],"1":[0],"2":[1],"3":[1,0]},"_coverageSchema":"1a1c01bbd47fc00a2c39e90264f33305004495a9","hash":"0d5c5d97759166bf7db02d8f71abc809f1b456ab"}
,"C:\\Users\\shubham\\Documents\\ReactNative\\Loom\\src\\components\\ui\\error-state.tsx": {"path":"C:\\Users\\shubham\\Documents\\ReactNative\\Loom\\src\\components\\ui\\error-state.tsx","statementMap":{"0":{"start":{"line":21,"column":2},"end":{"line":38,"column":4}}},"fnMap":{"0":{"name":"ErrorState","decl":{"start":{"line":14,"column":16},"end":{"line":14,"column":26}},"loc":{"start":{"line":20,"column":20},"end":{"line":39,"column":1}},"line":20}},"branchMap":{"0":{"loc":{"start":{"line":15,"column":2},"end":{"line":15,"column":32}},"type":"default-arg","locations":[{"start":{"line":15,"column":10},"end":{"line":15,"column":32}}],"line":15},"1":{"loc":{"start":{"line":16,"column":2},"end":{"line":16,"column":61}},"type":"default-arg","locations":[{"start":{"line":16,"column":12},"end":{"line":16,"column":61}}],"line":16},"2":{"loc":{"start":{"line":36,"column":7},"end":{"line":36,"column":68}},"type":"binary-expr","locations":[{"start":{"line":36,"column":7},"end":{"line":36,"column":14}},{"start":{"line":36,"column":18},"end":{"line":36,"column":68}}],"line":36}},"s":{"0":1},"f":{"0":1},"b":{"0":[0],"1":[0],"2":[1,1]},"_coverageSchema":"1a1c01bbd47fc00a2c39e90264f33305004495a9","hash":"d2156a6d97051372aa3ec540ceb12542d7ffcde6"}
,"C:\\Users\\shubham\\Documents\\ReactNative\\Loom\\src\\components\\ui\\input.tsx": {"path":"C:\\Users\\shubham\\Documents\\ReactNative\\Loom\\src\\components\\ui\\input.tsx","statementMap":{"0":{"start":{"line":22,"column":16},"end":{"line":22,"column":26}},"1":{"start":{"line":23,"column":36},"end":{"line":23,"column":51}},"2":{"start":{"line":25,"column":2},"end":{"line":53,"column":4}},"3":{"start":{"line":41,"column":10},"end":{"line":41,"column":29}},"4":{"start":{"line":42,"column":10},"end":{"line":42,"column":23}},"5":{"start":{"line":45,"column":10},"end":{"line":45,"column":30}},"6":{"start":{"line":46,"column":10},"end":{"line":46,"column":22}}},"fnMap":{"0":{"name":"Input","decl":{"start":{"line":13,"column":16},"end":{"line":13,"column":21}},"loc":{"start":{"line":21,"column":15},"end":{"line":54,"column":1}},"line":21},"1":{"name":"(anonymous_1)","decl":{"start":{"line":40,"column":17},"end":{"line":40,"column":18}},"loc":{"start":{"line":40,"column":24},"end":{"line":43,"column":9}},"line":40},"2":{"name":"(anonymous_2)","decl":{"start":{"line":44,"column":16},"end":{"line":44,"column":17}},"loc":{"start":{"line":44,"column":23},"end":{"line":47,"column":9}},"line":44}},"branchMap":{"0":{"loc":{"start":{"line":29,"column":8},"end":{"line":29,"column":77}},"type":"cond-expr","locations":[{"start":{"line":29,"column":20},"end":{"line":29,"column":59}},{"start":{"line":29,"column":62},"end":{"line":29,"column":77}}],"line":29},"1":{"loc":{"start":{"line":33,"column":7},"end":{"line":33,"column":59}},"type":"binary-expr","locations":[{"start":{"line":33,"column":7},"end":{"line":33,"column":15}},{"start":{"line":33,"column":19},"end":{"line":33,"column":59}}],"line":33},"2":{"loc":{"start":{"line":37,"column":10},"end":{"line":37,"column":49}},"type":"binary-expr","locations":[{"start":{"line":37,"column":10},"end":{"line":37,"column":31}},{"start":{"line":37,"column":35},"end":{"line":37,"column":49}}],"line":37},"3":{"loc":{"start":{"line":51,"column":7},"end":{"line":51,"column":61}},"type":"binary-expr","locations":[{"start":{"line":51,"column":7},"end":{"line":51,"column":16}},{"start":{"line":51,"column":20},"end":{"line":51,"column":61}}],"line":51}},"s":{"0":5,"1":5,"2":5,"3":1,"4":1,"5":1,"6":1},"f":{"0":5,"1":1,"2":1},"b":{"0":[1,4],"1":[5,2],"2":[5,0],"3":[5,0]},"_coverageSchema":"1a1c01bbd47fc00a2c39e90264f33305004495a9","hash":"292ec419e2511a718dd06822682747cf1da6afb5"}
,"C:\\Users\\shubham\\Documents\\ReactNative\\Loom\\src\\components\\ui\\loading-indicator.tsx": {"path":"C:\\Users\\shubham\\Documents\\ReactNative\\Loom\\src\\components\\ui\\loading-indicator.tsx","statementMap":{"0":{"start":{"line":18,"column":27},"end":{"line":22,"column":3}},"1":{"start":{"line":24,"column":2},"end":{"line":28,"column":4}}},"fnMap":{"0":{"name":"LoadingIndicator","decl":{"start":{"line":11,"column":16},"end":{"line":11,"column":32}},"loc":{"start":{"line":17,"column":26},"end":{"line":29,"column":1}},"line":17}},"branchMap":{"0":{"loc":{"start":{"line":13,"column":2},"end":{"line":13,"column":16}},"type":"default-arg","locations":[{"start":{"line":13,"column":9},"end":{"line":13,"column":16}}],"line":13},"1":{"loc":{"start":{"line":15,"column":2},"end":{"line":15,"column":20}},"type":"default-arg","locations":[{"start":{"line":15,"column":15},"end":{"line":15,"column":20}}],"line":15},"2":{"loc":{"start":{"line":20,"column":4},"end":{"line":20,"column":47}},"type":"cond-expr","locations":[{"start":{"line":20,"column":17},"end":{"line":20,"column":39}},{"start":{"line":20,"column":42},"end":{"line":20,"column":47}}],"line":20},"3":{"loc":{"start":{"line":26,"column":44},"end":{"line":26,"column":62}},"type":"binary-expr","locations":[{"start":{"line":26,"column":44},"end":{"line":26,"column":49}},{"start":{"line":26,"column":53},"end":{"line":26,"column":62}}],"line":26}},"s":{"0":2,"1":2},"f":{"0":2},"b":{"0":[2],"1":[2],"2":[0,2],"3":[2,2]},"_coverageSchema":"1a1c01bbd47fc00a2c39e90264f33305004495a9","hash":"6d140576bdc30b982faa2b1f976e0ac3d703d420"}
,"C:\\Users\\shubham\\Documents\\ReactNative\\Loom\\src\\components\\ui\\loading-state.tsx": {"path":"C:\\Users\\shubham\\Documents\\ReactNative\\Loom\\src\\components\\ui\\loading-state.tsx","statementMap":{"0":{"start":{"line":12,"column":2},"end":{"line":17,"column":4}}},"fnMap":{"0":{"name":"LoadingState","decl":{"start":{"line":11,"column":16},"end":{"line":11,"column":28}},"loc":{"start":{"line":11,"column":97},"end":{"line":18,"column":1}},"line":11}},"branchMap":{"0":{"loc":{"start":{"line":11,"column":31},"end":{"line":11,"column":53}},"type":"default-arg","locations":[{"start":{"line":11,"column":41},"end":{"line":11,"column":53}}],"line":11},"1":{"loc":{"start":{"line":15,"column":7},"end":{"line":15,"column":56}},"type":"binary-expr","locations":[{"start":{"line":15,"column":7},"end":{"line":15,"column":14}},{"start":{"line":15,"column":18},"end":{"line":15,"column":56}}],"line":15}},"s":{"0":1},"f":{"0":1},"b":{"0":[0],"1":[1,1]},"_coverageSchema":"1a1c01bbd47fc00a2c39e90264f33305004495a9","hash":"faa58db39fc6d5c1538d7b6e5084c30e90b59e2c"}
,"C:\\Users\\shubham\\Documents\\ReactNative\\Loom\\src\\components\\ui\\retry-button.tsx": {"path":"C:\\Users\\shubham\\Documents\\ReactNative\\Loom\\src\\components\\ui\\retry-button.tsx","statementMap":{"0":{"start":{"line":10,"column":16},"end":{"line":10,"column":26}},"1":{"start":{"line":12,"column":2},"end":{"line":20,"column":4}}},"fnMap":{"0":{"name":"RetryButton","decl":{"start":{"line":9,"column":16},"end":{"line":9,"column":27}},"loc":{"start":{"line":9,"column":77},"end":{"line":21,"column":1}},"line":9}},"branchMap":{"0":{"loc":{"start":{"line":9,"column":30},"end":{"line":9,"column":45}},"type":"default-arg","locations":[{"start":{"line":9,"column":38},"end":{"line":9,"column":45}}],"line":9}},"s":{"0":2,"1":2},"f":{"0":2},"b":{"0":[2]},"_coverageSchema":"1a1c01bbd47fc00a2c39e90264f33305004495a9","hash":"2ccabdf5066bab701bb4691f79db3df67fd34bd0"}
,"C:\\Users\\shubham\\Documents\\ReactNative\\Loom\\src\\components\\ui\\screen-container.tsx": {"path":"C:\\Users\\shubham\\Documents\\ReactNative\\Loom\\src\\components\\ui\\screen-container.tsx","statementMap":{"0":{"start":{"line":23,"column":17},"end":{"line":23,"column":36}},"1":{"start":{"line":26,"column":4},"end":{"line":46,"column":11}},"2":{"start":{"line":49,"column":2},"end":{"line":59,"column":3}},"3":{"start":{"line":50,"column":4},"end":{"line":58,"column":6}},"4":{"start":{"line":61,"column":2},"end":{"line":61,"column":17}}},"fnMap":{"0":{"name":"ScreenContainer","decl":{"start":{"line":14,"column":16},"end":{"line":14,"column":31}},"loc":{"start":{"line":22,"column":25},"end":{"line":62,"column":1}},"line":22}},"branchMap":{"0":{"loc":{"start":{"line":16,"column":2},"end":{"line":16,"column":20}},"type":"default-arg","locations":[{"start":{"line":16,"column":15},"end":{"line":16,"column":20}}],"line":16},"1":{"loc":{"start":{"line":19,"column":2},"end":{"line":19,"column":20}},"type":"default-arg","locations":[{"start":{"line":19,"column":16},"end":{"line":19,"column":20}}],"line":19},"2":{"loc":{"start":{"line":20,"column":2},"end":{"line":20,"column":28}},"type":"default-arg","locations":[{"start":{"line":20,"column":13},"end":{"line":20,"column":28}}],"line":20},"3":{"loc":{"start":{"line":40,"column":10},"end":{"line":40,"column":31}},"type":"binary-expr","locations":[{"start":{"line":40,"column":10},"end":{"line":40,"column":21}},{"start":{"line":40,"column":25},"end":{"line":40,"column":31}}],"line":40},"4":{"loc":{"start":{"line":49,"column":2},"end":{"line":59,"column":3}},"type":"if","locations":[{"start":{"line":49,"column":2},"end":{"line":59,"column":3}},{"start":{},"end":{}}],"line":49}},"s":{"0":2,"1":2,"2":2,"3":0,"4":2},"f":{"0":2},"b":{"0":[2],"1":[2],"2":[2],"3":[2,2],"4":[0,2]},"_coverageSchema":"1a1c01bbd47fc00a2c39e90264f33305004495a9","hash":"dd87f4088ce49fd3cd0d3c4d3e73734c602a7c18"}
,"C:\\Users\\shubham\\Documents\\ReactNative\\Loom\\src\\components\\ui\\text.tsx": {"path":"C:\\Users\\shubham\\Documents\\ReactNative\\Loom\\src\\components\\ui\\text.tsx","statementMap":{"0":{"start":{"line":5,"column":21},"end":{"line":34,"column":2}},"1":{"start":{"line":43,"column":2},"end":{"line":48,"column":4}}},"fnMap":{"0":{"name":"Text","decl":{"start":{"line":42,"column":16},"end":{"line":42,"column":20}},"loc":{"start":{"line":42,"column":87},"end":{"line":49,"column":1}},"line":42}},"branchMap":{},"s":{"0":3,"1":37},"f":{"0":37},"b":{},"_coverageSchema":"1a1c01bbd47fc00a2c39e90264f33305004495a9","hash":"4bea76beb4a2bf9ed8c66512a9324a8c65ea0f30"}
,"C:\\Users\\shubham\\Documents\\ReactNative\\Loom\\src\\constants\\theme.ts": {"path":"C:\\Users\\shubham\\Documents\\ReactNative\\Loom\\src\\constants\\theme.ts","statementMap":{"0":{"start":{"line":8,"column":22},"end":{"line":27,"column":10}},"1":{"start":{"line":31,"column":21},"end":{"line":54,"column":2}},"2":{"start":{"line":56,"column":23},"end":{"line":85,"column":10}},"3":{"start":{"line":87,"column":28},"end":{"line":97,"column":10}},"4":{"start":{"line":99,"column":23},"end":{"line":128,"column":10}},"5":{"start":{"line":130,"column":30},"end":{"line":130,"column":76}},"6":{"start":{"line":131,"column":31},"end":{"line":131,"column":34}}},"fnMap":{},"branchMap":{"0":{"loc":{"start":{"line":130,"column":30},"end":{"line":130,"column":76}},"type":"binary-expr","locations":[{"start":{"line":130,"column":30},"end":{"line":130,"column":71}},{"start":{"line":130,"column":75},"end":{"line":130,"column":76}}],"line":130}},"s":{"0":2,"1":2,"2":2,"3":2,"4":2,"5":2,"6":2},"f":{},"b":{"0":[2,0]},"_coverageSchema":"1a1c01bbd47fc00a2c39e90264f33305004495a9","hash":"67e9aebae9378f4ebcbebe27b9dc76f29434c2e3"}
,"C:\\Users\\shubham\\Documents\\ReactNative\\Loom\\src\\hooks\\use-color-scheme.ts": {"path":"C:\\Users\\shubham\\Documents\\ReactNative\\Loom\\src\\hooks\\use-color-scheme.ts","statementMap":{},"fnMap":{},"branchMap":{},"s":{},"f":{},"b":{},"_coverageSchema":"1a1c01bbd47fc00a2c39e90264f33305004495a9","hash":"372d4074d946e1e0f863be3a0835de6b500f15da"}
,"C:\\Users\\shubham\\Documents\\ReactNative\\Loom\\src\\hooks\\use-theme.ts": {"path":"C:\\Users\\shubham\\Documents\\ReactNative\\Loom\\src\\hooks\\use-theme.ts","statementMap":{"0":{"start":{"line":10,"column":17},"end":{"line":10,"column":33}},"1":{"start":{"line":11,"column":16},"end":{"line":11,"column":59}},"2":{"start":{"line":13,"column":2},"end":{"line":13,"column":23}}},"fnMap":{"0":{"name":"useTheme","decl":{"start":{"line":9,"column":16},"end":{"line":9,"column":24}},"loc":{"start":{"line":9,"column":27},"end":{"line":14,"column":1}},"line":9}},"branchMap":{"0":{"loc":{"start":{"line":11,"column":16},"end":{"line":11,"column":59}},"type":"cond-expr","locations":[{"start":{"line":11,"column":43},"end":{"line":11,"column":50}},{"start":{"line":11,"column":53},"end":{"line":11,"column":59}}],"line":11}},"s":{"0":8,"1":8,"2":8},"f":{"0":8},"b":{"0":[0,8]},"_coverageSchema":"1a1c01bbd47fc00a2c39e90264f33305004495a9","hash":"61419898322fd766d0a32ce6149094350791b53f"}
,"C:\\Users\\shubham\\Documents\\ReactNative\\Loom\\src\\store\\auth-store.ts": {"path":"C:\\Users\\shubham\\Documents\\ReactNative\\Loom\\src\\store\\auth-store.ts","statementMap":{"0":{"start":{"line":5,"column":18},"end":{"line":5,"column":38}},"1":{"start":{"line":17,"column":28},"end":{"line":49,"column":3}},"2":{"start":{"line":17,"column":70},"end":{"line":49,"column":1}},"3":{"start":{"line":25,"column":4},"end":{"line":25,"column":44}},"4":{"start":{"line":26,"column":4},"end":{"line":26,"column":42}},"5":{"start":{"line":30,"column":4},"end":{"line":30,"column":44}},"6":{"start":{"line":34,"column":4},"end":{"line":34,"column":43}},"7":{"start":{"line":38,"column":4},"end":{"line":38,"column":19}},"8":{"start":{"line":42,"column":4},"end":{"line":42,"column":23}},"9":{"start":{"line":46,"column":4},"end":{"line":46,"column":40}},"10":{"start":{"line":47,"column":4},"end":{"line":47,"column":74}}},"fnMap":{"0":{"name":"(anonymous_0)","decl":{"start":{"line":17,"column":60},"end":{"line":17,"column":61}},"loc":{"start":{"line":17,"column":70},"end":{"line":49,"column":1}},"line":17},"1":{"name":"(anonymous_1)","decl":{"start":{"line":24,"column":12},"end":{"line":24,"column":13}},"loc":{"start":{"line":24,"column":37},"end":{"line":27,"column":3}},"line":24},"2":{"name":"(anonymous_2)","decl":{"start":{"line":29,"column":12},"end":{"line":29,"column":13}},"loc":{"start":{"line":29,"column":24},"end":{"line":31,"column":3}},"line":29},"3":{"name":"(anonymous_3)","decl":{"start":{"line":33,"column":11},"end":{"line":33,"column":12}},"loc":{"start":{"line":33,"column":34},"end":{"line":35,"column":3}},"line":33},"4":{"name":"(anonymous_4)","decl":{"start":{"line":37,"column":12},"end":{"line":37,"column":13}},"loc":{"start":{"line":37,"column":38},"end":{"line":39,"column":3}},"line":37},"5":{"name":"(anonymous_5)","decl":{"start":{"line":41,"column":14},"end":{"line":41,"column":15}},"loc":{"start":{"line":41,"column":38},"end":{"line":43,"column":3}},"line":41},"6":{"name":"(anonymous_6)","decl":{"start":{"line":45,"column":10},"end":{"line":45,"column":11}},"loc":{"start":{"line":45,"column":22},"end":{"line":48,"column":3}},"line":45}},"branchMap":{},"s":{"0":1,"1":1,"2":1,"3":1,"4":1,"5":0,"6":1,"7":0,"8":0,"9":1,"10":1},"f":{"0":1,"1":1,"2":0,"3":1,"4":0,"5":0,"6":1},"b":{},"_coverageSchema":"1a1c01bbd47fc00a2c39e90264f33305004495a9","hash":"ffb5892bd018b2132235864f470a00d9c413957a"}
,"C:\\Users\\shubham\\Documents\\ReactNative\\Loom\\src\\store\\settings-store.ts": {"path":"C:\\Users\\shubham\\Documents\\ReactNative\\Loom\\src\\store\\settings-store.ts","statementMap":{"0":{"start":{"line":8,"column":32},"end":{"line":11,"column":3}},"1":{"start":{"line":8,"column":64},"end":{"line":11,"column":1}},"2":{"start":{"line":10,"column":40},"end":{"line":10,"column":59}}},"fnMap":{"0":{"name":"(anonymous_0)","decl":{"start":{"line":8,"column":54},"end":{"line":8,"column":55}},"loc":{"start":{"line":8,"column":64},"end":{"line":11,"column":1}},"line":8},"1":{"name":"(anonymous_1)","decl":{"start":{"line":10,"column":15},"end":{"line":10,"column":16}},"loc":{"start":{"line":10,"column":40},"end":{"line":10,"column":59}},"line":10}},"branchMap":{},"s":{"0":1,"1":1,"2":2},"f":{"0":1,"1":2},"b":{},"_coverageSchema":"1a1c01bbd47fc00a2c39e90264f33305004495a9","hash":"e889d98f14394e3589b48c5a6f0dd9ee98f7a92e"}
,"C:\\Users\\shubham\\Documents\\ReactNative\\Loom\\src\\utils\\cn.ts": {"path":"C:\\Users\\shubham\\Documents\\ReactNative\\Loom\\src\\utils\\cn.ts","statementMap":{"0":{"start":{"line":5,"column":2},"end":{"line":5,"column":31}}},"fnMap":{"0":{"name":"cn","decl":{"start":{"line":4,"column":16},"end":{"line":4,"column":18}},"loc":{"start":{"line":4,"column":44},"end":{"line":6,"column":1}},"line":4}},"branchMap":{},"s":{"0":79},"f":{"0":79},"b":{},"_coverageSchema":"1a1c01bbd47fc00a2c39e90264f33305004495a9","hash":"2c9ae9a2dc00e4fa2275fca3fe79c11acc7d82db"}
}
