TN:
SF:src\app\(tabs)\discover.tsx
FN:17,DiscoverScreen
FN:25,(anonymous_1)
FN:34,(anonymous_2)
FN:38,(anonymous_3)
FN:43,(anonymous_4)
FN:45,(anonymous_5)
FN:46,(anonymous_6)
FN:85,(anonymous_7)
FN:95,(anonymous_8)
FN:114,(anonymous_9)
FN:115,(anonymous_10)
FN:117,(anonymous_11)
FN:147,(anonymous_12)
FNF:13
FNH:6
FNDA:2,DiscoverScreen
FNDA:0,(anonymous_1)
FNDA:0,(anonymous_2)
FNDA:1,(anonymous_3)
FNDA:2,(anonymous_4)
FNDA:0,(anonymous_5)
FNDA:2,(anonymous_6)
FNDA:2,(anonymous_7)
FNDA:0,(anonymous_8)
FNDA:3,(anonymous_9)
FNDA:0,(anonymous_10)
FNDA:0,(anonymous_11)
FNDA:0,(anonymous_12)
DA:18,2
DA:19,2
DA:20,2
DA:21,2
DA:24,2
DA:26,0
DA:27,0
DA:32,2
DA:34,0
DA:38,2
DA:39,1
DA:40,1
DA:43,2
DA:44,2
DA:45,0
DA:46,2
DA:85,2
DA:86,2
DA:87,0
DA:90,2
DA:91,0
DA:95,0
DA:100,2
DA:101,0
DA:110,2
DA:114,3
DA:116,0
DA:117,0
DA:127,2
DA:147,0
LF:30
LH:19
BRDA:34,0,0,0
BRDA:34,0,1,0
BRDA:46,1,0,0
BRDA:46,1,1,2
BRDA:59,2,0,2
BRDA:59,2,1,2
BRDA:65,3,0,2
BRDA:65,3,1,2
BRDA:86,4,0,0
BRDA:86,4,1,2
BRDA:86,5,0,2
BRDA:86,5,1,0
BRDA:90,6,0,0
BRDA:90,6,1,2
BRDA:94,7,0,0
BRDA:94,7,1,0
BRDA:100,8,0,0
BRDA:100,8,1,2
BRDA:103,9,0,0
BRDA:103,9,1,0
BRDA:116,10,0,0
BRDA:116,10,1,0
BRDA:116,11,0,0
BRDA:116,11,1,0
BRDA:116,12,0,0
BRDA:116,12,1,0
BRDA:116,13,0,0
BRDA:116,13,1,0
BRDA:121,14,0,0
BRDA:121,14,1,2
BRDA:121,15,0,2
BRDA:121,15,1,0
BRF:32
BRH:11
end_of_record
TN:
SF:src\components\ui\badge.tsx
FN:45,Badge
FNF:1
FNH:1
FNDA:3,Badge
DA:6,2
DA:23,2
DA:52,3
LF:3
LH:3
BRF:0
BRH:0
end_of_record
TN:
SF:src\components\ui\button.tsx
FN:62,Button
FNF:1
FNH:1
FNDA:6,Button
DA:6,3
DA:31,3
DA:72,6
LF:3
LH:3
BRDA:75,0,0,6
BRDA:75,0,1,4
BRDA:78,1,0,2
BRDA:78,1,1,4
BRDA:79,2,0,0
BRDA:79,2,1,2
BRDA:82,3,0,4
BRDA:82,3,1,0
BRF:8
BRH:6
end_of_record
TN:
SF:src\components\ui\card.tsx
FN:8,Card
FN:20,CardHeader
FN:24,CardTitle
FN:28,CardContent
FN:32,CardFooter
FNF:5
FNH:5
FNDA:3,Card
FNDA:1,CardHeader
FNDA:1,CardTitle
FNDA:1,CardContent
FNDA:1,CardFooter
DA:9,3
DA:21,1
DA:25,1
DA:29,1
DA:33,1
LF:5
LH:5
BRF:0
BRH:0
end_of_record
TN:
SF:src\components\ui\empty-state.tsx
FN:15,EmptyState
FNF:1
FNH:1
FNDA:1,EmptyState
DA:23,1
DA:25,1
LF:2
LH:2
BRDA:16,0,0,0
BRDA:17,1,0,0
BRDA:18,2,0,1
BRDA:40,3,0,1
BRDA:40,3,1,0
BRF:5
BRH:2
end_of_record
TN:
SF:src\components\ui\error-state.tsx
FN:14,ErrorState
FNF:1
FNH:1
FNDA:1,ErrorState
DA:21,1
LF:1
LH:1
BRDA:15,0,0,0
BRDA:16,1,0,0
BRDA:36,2,0,1
BRDA:36,2,1,1
BRF:4
BRH:2
end_of_record
TN:
SF:src\components\ui\input.tsx
FN:13,Input
FN:40,(anonymous_1)
FN:44,(anonymous_2)
FNF:3
FNH:3
FNDA:5,Input
FNDA:1,(anonymous_1)
FNDA:1,(anonymous_2)
DA:22,5
DA:23,5
DA:25,5
DA:41,1
DA:42,1
DA:45,1
DA:46,1
LF:7
LH:7
BRDA:29,0,0,1
BRDA:29,0,1,4
BRDA:33,1,0,5
BRDA:33,1,1,2
BRDA:37,2,0,5
BRDA:37,2,1,0
BRDA:51,3,0,5
BRDA:51,3,1,0
BRF:8
BRH:6
end_of_record
TN:
SF:src\components\ui\loading-indicator.tsx
FN:11,LoadingIndicator
FNF:1
FNH:1
FNDA:2,LoadingIndicator
DA:18,2
DA:24,2
LF:2
LH:2
BRDA:13,0,0,2
BRDA:15,1,0,2
BRDA:20,2,0,0
BRDA:20,2,1,2
BRDA:26,3,0,2
BRDA:26,3,1,2
BRF:6
BRH:5
end_of_record
TN:
SF:src\components\ui\loading-state.tsx
FN:11,LoadingState
FNF:1
FNH:1
FNDA:1,LoadingState
DA:12,1
LF:1
LH:1
BRDA:11,0,0,0
BRDA:15,1,0,1
BRDA:15,1,1,1
BRF:3
BRH:2
end_of_record
TN:
SF:src\components\ui\retry-button.tsx
FN:9,RetryButton
FNF:1
FNH:1
FNDA:2,RetryButton
DA:10,2
DA:12,2
LF:2
LH:2
BRDA:9,0,0,2
BRF:1
BRH:1
end_of_record
TN:
SF:src\components\ui\screen-container.tsx
FN:14,ScreenContainer
FNF:1
FNH:1
FNDA:2,ScreenContainer
DA:23,2
DA:26,2
DA:49,2
DA:50,0
DA:61,2
LF:5
LH:4
BRDA:16,0,0,2
BRDA:19,1,0,2
BRDA:20,2,0,2
BRDA:40,3,0,2
BRDA:40,3,1,2
BRDA:49,4,0,0
BRDA:49,4,1,2
BRF:7
BRH:6
end_of_record
TN:
SF:src\components\ui\text.tsx
FN:42,Text
FNF:1
FNH:1
FNDA:37,Text
DA:5,3
DA:43,37
LF:2
LH:2
BRF:0
BRH:0
end_of_record
TN:
SF:src\constants\theme.ts
FNF:0
FNH:0
DA:8,2
DA:31,2
DA:56,2
DA:87,2
DA:99,2
DA:130,2
DA:131,2
LF:7
LH:7
BRDA:130,0,0,2
BRDA:130,0,1,0
BRF:2
BRH:1
end_of_record
TN:
SF:src\hooks\use-color-scheme.ts
FNF:0
FNH:0
LF:0
LH:0
BRF:0
BRH:0
end_of_record
TN:
SF:src\hooks\use-theme.ts
FN:9,useTheme
FNF:1
FNH:1
FNDA:8,useTheme
DA:10,8
DA:11,8
DA:13,8
LF:3
LH:3
BRDA:11,0,0,0
BRDA:11,0,1,8
BRF:2
BRH:1
end_of_record
TN:
SF:src\store\auth-store.ts
FN:17,(anonymous_0)
FN:24,(anonymous_1)
FN:29,(anonymous_2)
FN:33,(anonymous_3)
FN:37,(anonymous_4)
FN:41,(anonymous_5)
FN:45,(anonymous_6)
FNF:7
FNH:4
FNDA:1,(anonymous_0)
FNDA:1,(anonymous_1)
FNDA:0,(anonymous_2)
FNDA:1,(anonymous_3)
FNDA:0,(anonymous_4)
FNDA:0,(anonymous_5)
FNDA:1,(anonymous_6)
DA:5,1
DA:17,1
DA:25,1
DA:26,1
DA:30,0
DA:34,1
DA:38,0
DA:42,0
DA:46,1
DA:47,1
LF:10
LH:7
BRF:0
BRH:0
end_of_record
TN:
SF:src\store\settings-store.ts
FN:8,(anonymous_0)
FN:10,(anonymous_1)
FNF:2
FNH:2
FNDA:1,(anonymous_0)
FNDA:2,(anonymous_1)
DA:8,1
DA:10,2
LF:2
LH:2
BRF:0
BRH:0
end_of_record
TN:
SF:src\utils\cn.ts
FN:4,cn
FNF:1
FNH:1
FNDA:79,cn
DA:5,79
LF:1
LH:1
BRF:0
BRH:0
end_of_record
